<?xml version="1.0" encoding="UTF-8"?>
<testng-results skipped="0" failed="0" ignored="0" total="1" passed="1">
  <reporter-output>
  </reporter-output>
  <suite name="Suite" duration-ms="71635" started-at="2018-06-20T08:13:58Z" finished-at="2018-06-20T08:15:09Z">
    <groups>
    </groups>
    <test name="Test" duration-ms="71635" started-at="2018-06-20T08:13:58Z" finished-at="2018-06-20T08:15:09Z">
      <class name="maven.learning.LoadTest01">
        <test-method status="PASS" signature="beforeClass()[pri:0, instance:maven.learning.LoadTest01@6a4f787b]" name="beforeClass" is-config="true" duration-ms="2714" started-at="2018-06-20T08:13:58Z" finished-at="2018-06-20T08:14:00Z">
          <reporter-output>
          </reporter-output>
        </test-method> <!-- beforeClass -->
        <test-method status="PASS" signature="loginAndLaunchAManualSession()[pri:0, instance:maven.learning.LoadTest01@6a4f787b]" name="loginAndLaunchAManualSession" duration-ms="68722" started-at="2018-06-20T08:14:00Z" finished-at="2018-06-20T08:15:09Z">
          <reporter-output>
          </reporter-output>
        </test-method> <!-- loginAndLaunchAManualSession -->
        <test-method status="PASS" signature="afterClass()[pri:0, instance:maven.learning.LoadTest01@6a4f787b]" name="afterClass" is-config="true" duration-ms="172" started-at="2018-06-20T08:15:09Z" finished-at="2018-06-20T08:15:09Z">
          <reporter-output>
          </reporter-output>
        </test-method> <!-- afterClass -->
      </class> <!-- maven.learning.LoadTest01 -->
    </test> <!-- Test -->
  </suite> <!-- Suite -->
</testng-results>
