<?xml version="1.0" encoding="UTF-8"?>
<testng-results skipped="0" failed="0" total="3" passed="3">
  <reporter-output>
  </reporter-output>
  <suite name="SeleniumTraining" duration-ms="96328" started-at="2016-11-10T10:39:15Z" finished-at="2016-11-10T10:40:51Z">
    <groups>
    </groups>
    <test name="TestLogIn" duration-ms="42558" started-at="2016-11-10T10:39:15Z" finished-at="2016-11-10T10:39:58Z">
      <class name="QuestionA.QuestionA">
        <test-method status="PASS" signature="beforetest()[pri:0, instance:QuestionA.QuestionA@305b7c14]" name="beforetest" is-config="true" duration-ms="24656" started-at="2016-11-10T17:39:15Z" finished-at="2016-11-10T17:39:40Z">
          <reporter-output>
          </reporter-output>
        </test-method> <!-- beforetest -->
        <test-method status="PASS" signature="loginInvalid()[pri:0, instance:QuestionA.QuestionA@305b7c14]" name="loginInvalid" duration-ms="4253" started-at="2016-11-10T17:39:40Z" finished-at="2016-11-10T17:39:44Z">
          <reporter-output>
          </reporter-output>
        </test-method> <!-- loginInvalid -->
        <test-method status="PASS" signature="aftertest()[pri:0, instance:QuestionA.QuestionA@305b7c14]" name="aftertest" is-config="true" duration-ms="912" started-at="2016-11-10T17:39:44Z" finished-at="2016-11-10T17:39:45Z">
          <reporter-output>
          </reporter-output>
        </test-method> <!-- aftertest -->
        <test-method status="PASS" signature="beforetest()[pri:0, instance:QuestionA.QuestionA@305b7c14]" name="beforetest" is-config="true" duration-ms="2923" started-at="2016-11-10T17:39:45Z" finished-at="2016-11-10T17:39:48Z">
          <reporter-output>
          </reporter-output>
        </test-method> <!-- beforetest -->
        <test-method status="PASS" signature="loginValid()[pri:0, instance:QuestionA.QuestionA@305b7c14]" name="loginValid" duration-ms="9264" started-at="2016-11-10T17:39:48Z" finished-at="2016-11-10T17:39:57Z">
          <reporter-output>
          </reporter-output>
        </test-method> <!-- loginValid -->
        <test-method status="PASS" signature="aftertest()[pri:0, instance:QuestionA.QuestionA@305b7c14]" name="aftertest" is-config="true" duration-ms="530" started-at="2016-11-10T17:39:57Z" finished-at="2016-11-10T17:39:58Z">
          <reporter-output>
          </reporter-output>
        </test-method> <!-- aftertest -->
      </class> <!-- QuestionA.QuestionA -->
    </test> <!-- TestLogIn -->
    <test name="TestSearchFeedbackFromOthers" duration-ms="53617" started-at="2016-11-10T10:39:58Z" finished-at="2016-11-10T10:40:51Z">
      <class name="QuestionB.QuestionB">
        <test-method status="PASS" signature="beforetest()[pri:0, instance:QuestionB.QuestionB@7494f96a]" name="beforetest" is-config="true" duration-ms="8028" started-at="2016-11-10T17:39:58Z" finished-at="2016-11-10T17:40:06Z">
          <reporter-output>
          </reporter-output>
        </test-method> <!-- beforetest -->
        <test-method status="PASS" signature="testScenario2()[pri:0, instance:QuestionB.QuestionB@7494f96a]" name="testScenario2" duration-ms="45088" started-at="2016-11-10T17:40:06Z" finished-at="2016-11-10T17:40:51Z">
          <reporter-output>
          </reporter-output>
        </test-method> <!-- testScenario2 -->
        <test-method status="PASS" signature="afterTest()[pri:0, instance:QuestionB.QuestionB@7494f96a]" name="afterTest" is-config="true" duration-ms="499" started-at="2016-11-10T17:40:51Z" finished-at="2016-11-10T17:40:51Z">
          <reporter-output>
          </reporter-output>
        </test-method> <!-- afterTest -->
      </class> <!-- QuestionB.QuestionB -->
    </test> <!-- TestSearchFeedbackFromOthers -->
  </suite> <!-- SeleniumTraining -->
</testng-results>
